SF:lib\test\domain\usecases\search_movies_test.dart
DA:9,1
DA:13,2
DA:14,1
DA:15,1
DA:18,1
DA:21,2
DA:23,2
DA:24,3
DA:26,2
DA:28,2
LF:10
LH:10
end_of_record
SF:lib\domain\usecases\search_movies.dart
DA:9,1
DA:11,1
DA:12,2
LF:3
LH:3
end_of_record
SF:lib\test\helpers\test_helper.mocks.dart
DA:60,1
DA:61,1
DA:64,0
DA:66,0
DA:67,0
DA:68,0
DA:70,0
DA:72,0
DA:73,0
DA:74,0
DA:76,0
DA:78,0
DA:79,0
DA:80,0
DA:82,0
DA:85,0
DA:86,0
DA:87,0
DA:89,0
DA:92,0
DA:93,0
DA:94,0
DA:96,1
DA:99,3
DA:100,1
DA:101,1
DA:103,0
DA:106,0
DA:107,0
DA:108,0
DA:110,0
DA:113,0
DA:114,0
DA:115,0
DA:117,0
DA:119,0
DA:120,0
DA:121,0
DA:123,0
DA:124,0
DA:125,0
DA:127,0
DA:128,0
DA:136,1
DA:137,1
DA:140,0
DA:142,0
DA:143,0
DA:145,0
DA:146,0
DA:148,0
DA:150,0
DA:151,0
DA:153,0
DA:154,0
DA:156,0
DA:158,0
DA:159,0
DA:161,0
DA:162,0
DA:164,0
DA:167,0
DA:169,0
DA:170,0
DA:172,0
DA:174,0
DA:175,0
DA:177,0
DA:178,0
DA:180,1
DA:183,3
DA:185,1
DA:186,1
DA:188,0
DA:191,0
DA:192,0
DA:193,0
DA:195,0
DA:198,0
DA:199,0
DA:200,0
DA:202,0
DA:204,0
DA:205,0
DA:206,0
DA:208,0
DA:209,0
DA:211,0
DA:212,0
DA:214,0
DA:215,0
DA:223,0
DA:224,0
DA:227,0
DA:229,0
DA:231,0
DA:233,0
DA:234,0
DA:235,0
DA:236,0
DA:238,0
DA:239,0
DA:240,0
DA:241,0
DA:243,0
DA:245,0
DA:246,0
DA:247,0
DA:249,0
DA:251,0
DA:253,0
DA:255,0
DA:257,0
DA:259,0
DA:261,0
DA:262,0
DA:270,0
DA:271,0
DA:274,0
DA:276,0
DA:277,0
DA:278,0
DA:279,0
DA:281,0
DA:282,0
DA:283,0
DA:284,0
DA:286,0
DA:287,0
DA:288,0
DA:289,0
DA:291,0
DA:292,0
DA:293,0
DA:295,0
DA:297,0
DA:298,0
DA:299,0
DA:300,0
DA:302,0
DA:303,0
DA:304,0
DA:305,0
DA:306,0
DA:314,0
DA:315,0
DA:318,0
DA:320,0
DA:321,0
DA:322,0
DA:324,0
DA:325,0
DA:326,0
DA:328,0
DA:329,0
DA:331,0
DA:332,0
DA:333,0
DA:334,0
DA:336,0
DA:338,0
DA:339,0
DA:340,0
DA:341,0
DA:343,0
DA:345,0
DA:347,0
DA:348,0
DA:356,0
DA:357,0
DA:360,0
DA:362,0
DA:363,0
DA:364,0
DA:366,0
DA:367,0
DA:368,0
DA:370,0
DA:371,0
DA:373,0
DA:375,0
DA:376,0
DA:377,0
DA:378,0
DA:380,0
DA:381,0
DA:382,0
DA:383,0
DA:385,0
DA:386,0
DA:387,0
DA:388,0
DA:389,0
DA:396,0
DA:397,0
DA:400,0
DA:402,0
DA:403,0
DA:405,0
DA:408,0
DA:409,0
DA:410,0
DA:411,0
DA:412,0
DA:415,0
DA:416,0
DA:417,0
DA:418,0
DA:419,0
DA:421,0
DA:422,0
DA:423,0
DA:425,0
DA:427,0
DA:428,0
DA:429,0
DA:431,0
DA:433,0
DA:434,0
DA:435,0
DA:437,0
DA:438,0
DA:439,0
DA:441,0
DA:442,0
DA:443,0
DA:445,0
DA:446,0
DA:447,0
DA:449,0
DA:450,0
DA:451,0
DA:453,0
DA:454,0
DA:455,0
DA:456,0
DA:458,0
DA:459,0
DA:461,0
DA:463,0
DA:464,0
DA:466,0
DA:468,0
DA:469,0
DA:470,0
DA:472,0
DA:474,0
DA:475,0
DA:476,0
DA:478,0
DA:479,0
DA:486,0
DA:487,0
DA:490,0
DA:492,0
DA:493,0
DA:494,0
DA:495,0
DA:502,0
DA:503,0
DA:506,0
DA:508,0
DA:509,0
DA:511,0
DA:513,0
DA:514,0
DA:516,0
DA:521,0
DA:522,0
DA:523,0
DA:524,0
DA:526,0
DA:531,0
DA:532,0
DA:533,0
DA:534,0
DA:536,0
DA:541,0
DA:542,0
DA:543,0
DA:544,0
DA:546,0
DA:551,0
DA:552,0
DA:553,0
DA:554,0
DA:556,0
DA:558,0
DA:559,0
DA:560,0
DA:563,0
DA:564,0
DA:565,0
DA:567,0
DA:569,0
DA:571,0
DA:573,0
DA:574,0
DA:576,0
DA:577,0
LF:300
LH:12
end_of_record
SF:lib\test\domain\usecases\search_tv_series_test.dart
DA:9,1
DA:13,2
DA:14,1
DA:15,1
DA:20,2
DA:22,2
DA:23,4
DA:25,2
DA:27,3
LF:9
LH:9
end_of_record
SF:lib\domain\usecases\search_tv_series.dart
DA:9,1
DA:11,1
DA:12,2
LF:3
LH:3
end_of_record
SF:lib\test\dummy_data\dummy_objects.dart
DA:10,3
DA:13,1
DA:27,6
DA:29,2
DA:39,2
DA:44,4
DA:45,8
DA:47,0
DA:62,0
DA:93,0
DA:101,0
DA:109,0
DA:117,0
DA:125,0
DA:133,0
DA:141,0
DA:148,0
DA:155,0
DA:162,0
DA:169,0
DA:176,0
LF:21
LH:7
end_of_record
SF:lib\test\presentation\provider\movie_search_notifier_test.dart
DA:13,1
DA:19,2
DA:21,1
DA:22,1
DA:23,2
DA:24,1
DA:28,1
DA:31,1
DA:44,1
DA:47,2
DA:48,2
DA:50,2
DA:51,3
DA:53,1
DA:55,2
DA:58,1
DA:59,1
DA:61,2
DA:62,3
DA:64,2
DA:66,2
DA:67,2
DA:68,1
DA:71,2
DA:73,2
DA:74,4
DA:76,2
DA:78,2
DA:79,2
DA:80,1
LF:30
LH:30
end_of_record
SF:lib\presentation\provider\movie_search_notifier.dart
DA:10,1
DA:13,2
DA:16,2
DA:19,2
DA:21,1
DA:22,1
DA:23,1
DA:25,3
DA:26,1
DA:27,1
DA:28,2
DA:29,1
DA:30,1
DA:32,1
DA:33,1
DA:34,1
DA:35,1
LF:17
LH:17
end_of_record
SF:lib\test\presentation\provider\movie_search_notifier_test.mocks.dart
DA:31,1
DA:32,1
DA:35,0
DA:37,0
DA:38,0
DA:39,1
DA:41,3
DA:42,1
DA:43,1
DA:45,0
DA:46,0
LF:11
LH:6
end_of_record
SF:lib\presentation\bloc\search_event.dart
DA:4,1
DA:10,1
DA:12,0
DA:13,0
LF:4
LH:2
end_of_record
SF:lib\presentation\bloc\search_bloc.dart
DA:13,1
DA:18,1
DA:19,1
DA:24,3
DA:25,2
DA:26,1
DA:27,1
DA:28,2
DA:29,3
DA:30,1
DA:31,1
DA:32,3
DA:34,1
DA:35,2
LF:14
LH:14
end_of_record
SF:lib\presentation\bloc\search_state.dart
DA:4,2
DA:8,0
DA:9,0
DA:13,1
DA:14,1
DA:18,1
DA:19,1
DA:25,2
DA:27,1
DA:28,2
DA:34,1
DA:36,1
DA:37,2
LF:13
LH:11
end_of_record
SF:lib\presentation\bloc\search_tv_state.dart
DA:4,2
DA:8,0
DA:9,0
DA:13,0
DA:14,0
DA:18,1
DA:19,1
DA:25,2
DA:27,1
DA:28,2
DA:34,1
DA:36,1
DA:37,2
LF:13
LH:9
end_of_record
SF:lib\presentation\bloc\search_tv_event.dart
DA:4,1
DA:10,1
DA:12,0
DA:13,0
LF:4
LH:2
end_of_record
SF:lib\presentation\bloc\search_tv_bloc.dart
DA:13,1
DA:18,1
DA:19,1
DA:24,3
DA:25,2
DA:26,1
DA:27,1
DA:28,2
DA:29,3
DA:30,1
DA:31,1
DA:32,3
DA:34,1
DA:35,2
LF:14
LH:14
end_of_record
SF:lib\presentation\pages\search_page.dart
DA:13,0
DA:15,0
DA:16,0
DA:17,0
DA:19,0
DA:21,0
DA:23,0
DA:24,0
DA:25,0
DA:26,0
DA:27,0
DA:38,0
DA:40,0
DA:42,0
DA:43,0
DA:44,0
DA:48,0
DA:49,0
DA:50,0
DA:51,0
DA:53,0
DA:54,0
DA:55,0
DA:57,0
DA:60,0
DA:61,0
DA:62,0
DA:63,0
DA:67,0
DA:68,0
LF:30
LH:0
end_of_record
SF:lib\presentation\pages\search_tv_series_page.dart
DA:13,0
DA:15,0
DA:16,0
DA:17,0
DA:19,0
DA:21,0
DA:23,0
DA:24,0
DA:25,0
DA:26,0
DA:28,0
DA:29,0
DA:40,0
DA:42,0
DA:44,0
DA:45,0
DA:46,0
DA:50,0
DA:51,0
DA:52,0
DA:53,0
DA:55,0
DA:56,0
DA:57,0
DA:59,0
DA:62,0
DA:63,0
DA:64,0
DA:65,0
DA:69,0
DA:70,0
LF:31
LH:0
end_of_record
SF:lib\presentation\provider\tv_series_search_notifier.dart
DA:10,1
DA:13,2
DA:16,2
DA:19,2
DA:21,1
DA:22,1
DA:23,1
DA:25,3
DA:26,1
DA:27,1
DA:28,2
DA:29,1
DA:30,1
DA:32,1
DA:33,1
DA:34,1
DA:35,1
LF:17
LH:17
end_of_record
SF:lib\test\presentation\provider\tv_series_search_notifier_test.dart
DA:13,1
DA:19,2
DA:21,1
DA:22,1
DA:23,2
DA:24,1
DA:28,1
DA:30,1
DA:39,1
DA:44,1
DA:47,2
DA:48,2
DA:50,2
DA:51,3
DA:53,1
DA:55,2
DA:58,1
DA:59,1
DA:61,2
DA:62,3
DA:64,2
DA:66,2
DA:67,2
DA:68,1
DA:71,2
DA:73,2
DA:74,4
DA:76,2
DA:78,2
DA:79,2
DA:80,1
LF:31
LH:31
end_of_record
SF:lib\test\presentation\provider\tv_series_search_notifier_test.mocks.dart
DA:32,1
DA:33,1
DA:36,0
DA:38,0
DA:39,0
DA:40,1
DA:43,3
DA:45,1
DA:46,1
DA:48,0
DA:49,0
LF:11
LH:6
end_of_record
SF:lib\test\presentation\bloc\search_bloc_test.dart
DA:14,1
DA:21,2
DA:22,1
DA:23,1
DA:24,1
DA:25,1
DA:28,2
DA:29,3
DA:34,2
DA:35,1
DA:37,1
DA:38,2
DA:39,4
DA:40,0
DA:42,2
DA:44,2
DA:45,1
DA:46,2
DA:48,1
DA:49,2
DA:52,1
DA:54,1
DA:55,2
DA:56,4
DA:57,0
DA:59,2
DA:61,2
DA:62,1
DA:65,1
DA:66,2
DA:71,2
DA:72,1
DA:74,1
DA:75,2
DA:76,4
DA:77,0
DA:79,2
DA:81,2
DA:82,1
DA:83,2
DA:85,1
DA:86,2
DA:89,1
DA:91,1
DA:92,2
DA:93,4
DA:94,0
DA:96,2
DA:98,2
DA:99,1
DA:102,1
DA:103,2
LF:52
LH:48
end_of_record
SF:lib\test\presentation\bloc\search_bloc_test.mocks.dart
DA:37,1
DA:38,1
DA:41,0
DA:43,0
DA:44,0
DA:45,1
DA:47,3
DA:48,1
DA:49,1
DA:51,0
DA:52,0
DA:59,1
DA:60,1
DA:63,0
DA:65,0
DA:66,0
DA:67,1
DA:70,3
DA:72,1
DA:73,1
DA:75,0
DA:76,0
LF:22
LH:12
end_of_record
