SF:lib\domain\usecases\search_movies.dart
DA:9,1
DA:11,1
DA:12,2
LF:3
LH:3
end_of_record
SF:lib\domain\usecases\search_tv_series.dart
DA:9,1
DA:11,1
DA:12,2
LF:3
LH:3
end_of_record
SF:lib\presentation\provider\movie_search_notifier.dart
DA:10,1
DA:13,2
DA:16,2
DA:19,2
DA:21,1
DA:22,1
DA:23,1
DA:25,3
DA:26,1
DA:27,1
DA:28,2
DA:29,1
DA:30,1
DA:32,1
DA:33,1
DA:34,1
DA:35,1
LF:17
LH:17
end_of_record
SF:lib\presentation\bloc\search_event.dart
DA:4,1
DA:10,1
DA:12,0
DA:13,0
LF:4
LH:2
end_of_record
SF:lib\presentation\bloc\search_bloc.dart
DA:13,1
DA:18,1
DA:19,1
DA:24,3
DA:25,2
DA:26,1
DA:27,1
DA:28,2
DA:29,3
DA:30,1
DA:31,1
DA:32,3
DA:34,1
DA:35,2
LF:14
LH:14
end_of_record
SF:lib\presentation\bloc\search_state.dart
DA:4,2
DA:8,0
DA:9,0
DA:13,1
DA:14,1
DA:18,1
DA:19,1
DA:25,2
DA:27,1
DA:28,2
DA:34,1
DA:36,1
DA:37,2
LF:13
LH:11
end_of_record
SF:lib\presentation\bloc\search_tv_state.dart
DA:4,2
DA:8,0
DA:9,0
DA:13,0
DA:14,0
DA:18,1
DA:19,1
DA:25,2
DA:27,1
DA:28,2
DA:34,1
DA:36,1
DA:37,2
LF:13
LH:9
end_of_record
SF:lib\presentation\bloc\search_tv_event.dart
DA:4,1
DA:10,1
DA:12,0
DA:13,0
LF:4
LH:2
end_of_record
SF:lib\presentation\bloc\search_tv_bloc.dart
DA:13,1
DA:18,1
DA:19,1
DA:24,3
DA:25,2
DA:26,1
DA:27,1
DA:28,2
DA:29,3
DA:30,1
DA:31,1
DA:32,3
DA:34,1
DA:35,2
LF:14
LH:14
end_of_record
SF:lib\presentation\pages\search_page.dart
DA:13,0
DA:15,0
DA:16,0
DA:17,0
DA:19,0
DA:21,0
DA:23,0
DA:24,0
DA:25,0
DA:26,0
DA:27,0
DA:38,0
DA:40,0
DA:42,0
DA:43,0
DA:44,0
DA:48,0
DA:49,0
DA:50,0
DA:51,0
DA:53,0
DA:54,0
DA:55,0
DA:57,0
DA:60,0
DA:61,0
DA:62,0
DA:63,0
DA:67,0
DA:68,0
LF:30
LH:0
end_of_record
SF:lib\presentation\pages\search_tv_series_page.dart
DA:13,0
DA:15,0
DA:16,0
DA:17,0
DA:19,0
DA:21,0
DA:23,0
DA:24,0
DA:25,0
DA:26,0
DA:28,0
DA:29,0
DA:40,0
DA:42,0
DA:44,0
DA:45,0
DA:46,0
DA:50,0
DA:51,0
DA:52,0
DA:53,0
DA:55,0
DA:56,0
DA:57,0
DA:59,0
DA:62,0
DA:63,0
DA:64,0
DA:65,0
DA:69,0
DA:70,0
LF:31
LH:0
end_of_record
SF:lib\presentation\provider\tv_series_search_notifier.dart
DA:10,1
DA:13,2
DA:16,2
DA:19,2
DA:21,1
DA:22,1
DA:23,1
DA:25,3
DA:26,1
DA:27,1
DA:28,2
DA:29,1
DA:30,1
DA:32,1
DA:33,1
DA:34,1
DA:35,1
LF:17
LH:17
end_of_record
