SF:lib\data\datasources\tv_series_local_data_source.dart
DA:18,1
DA:21,1
DA:23,3
DA:26,2
DA:31,1
DA:33,3
DA:36,2
DA:41,1
DA:42,3
DA:44,1
DA:51,1
DA:52,3
DA:53,4
DA:57,1
DA:58,3
DA:59,3
DA:63,1
DA:64,3
DA:65,1
DA:66,4
DA:68,1
LF:21
LH:21
end_of_record
SF:lib\data\models\tv_series_table.dart
DA:13,18
DA:20,2
DA:21,1
DA:22,1
DA:23,1
DA:24,1
DA:27,2
DA:28,1
DA:29,1
DA:30,1
DA:31,1
DA:34,2
DA:35,1
DA:36,1
DA:37,1
DA:38,1
DA:41,0
DA:42,0
DA:43,0
DA:44,0
DA:45,0
DA:48,2
DA:49,1
DA:50,1
DA:51,1
DA:52,1
DA:55,2
DA:56,10
LF:28
LH:23
end_of_record
SF:lib\domain\entities\season.dart
DA:4,17
DA:22,2
DA:23,2
DA:24,2
DA:25,2
DA:26,2
DA:27,2
DA:28,2
DA:29,2
DA:30,2
LF:10
LH:10
end_of_record
SF:lib\domain\entities\tv_series.dart
DA:4,12
DA:20,2
DA:41,8
DA:42,8
DA:43,8
DA:44,8
DA:45,8
DA:46,8
DA:47,8
DA:48,8
DA:49,8
DA:50,8
DA:51,8
DA:52,8
DA:53,8
DA:54,8
DA:55,8
DA:56,8
LF:18
LH:18
end_of_record
SF:lib\domain\entities\tv_series_detail.dart
DA:7,17
DA:47,2
DA:48,2
DA:49,2
DA:50,2
DA:51,2
DA:52,2
DA:53,2
DA:54,2
DA:55,2
DA:56,2
DA:57,2
DA:58,2
DA:59,2
DA:60,2
DA:61,2
DA:62,2
DA:63,2
DA:64,2
DA:65,2
DA:66,2
LF:21
LH:21
end_of_record
SF:lib\data\datasources\tv_series_remote_data_source.dart
DA:25,1
DA:28,1
DA:30,5
DA:32,2
DA:33,4
DA:35,1
DA:40,1
DA:41,5
DA:43,2
DA:44,3
DA:46,1
DA:51,1
DA:52,2
DA:53,3
DA:55,2
DA:56,4
DA:58,1
DA:63,1
DA:65,5
DA:67,2
DA:68,4
DA:70,1
DA:75,1
DA:77,5
DA:79,2
DA:80,4
DA:82,1
DA:87,1
DA:88,2
DA:89,3
DA:91,2
DA:92,4
DA:94,1
LF:33
LH:33
end_of_record
SF:lib\data\models\tv_series_detail_model.dart
DA:8,2
DA:58,1
DA:59,1
DA:60,1
DA:61,4
DA:62,1
DA:63,1
DA:64,4
DA:65,1
DA:66,1
DA:67,1
DA:68,1
DA:69,1
DA:70,1
DA:71,1
DA:72,1
DA:73,1
DA:74,1
DA:75,1
DA:76,2
DA:77,1
DA:78,1
DA:79,4
DA:80,1
DA:81,1
DA:82,1
DA:83,2
DA:84,1
DA:87,0
DA:88,0
DA:89,0
DA:90,0
DA:91,0
DA:92,0
DA:93,0
DA:94,0
DA:95,0
DA:96,0
DA:97,0
DA:98,0
DA:99,0
DA:100,0
DA:101,0
DA:102,0
DA:103,0
DA:104,0
DA:105,0
DA:106,0
DA:107,0
DA:108,0
DA:109,0
DA:112,1
DA:113,1
DA:114,1
DA:115,1
DA:116,1
DA:117,1
DA:118,1
DA:119,1
DA:120,1
DA:121,1
DA:122,1
DA:123,1
DA:124,1
DA:125,5
DA:126,1
DA:127,1
DA:128,1
DA:129,1
DA:130,5
DA:131,1
DA:135,1
DA:136,1
DA:137,1
DA:138,1
DA:139,1
DA:140,1
DA:141,1
DA:142,1
DA:143,1
DA:144,1
DA:145,1
DA:146,1
DA:147,1
DA:148,1
DA:149,1
DA:150,1
DA:151,1
DA:152,1
DA:153,1
DA:154,1
DA:155,1
DA:156,1
DA:157,1
DA:158,1
LF:95
LH:72
end_of_record
SF:lib\data\models\tv_series_model.dart
DA:6,5
DA:36,4
DA:37,2
DA:38,4
DA:39,2
DA:40,2
DA:41,4
DA:42,2
DA:43,2
DA:44,8
DA:45,8
DA:46,2
DA:47,2
DA:48,2
DA:49,2
DA:52,2
DA:53,1
DA:54,1
DA:55,1
DA:56,1
DA:57,1
DA:58,1
DA:59,1
DA:60,4
DA:61,4
DA:62,1
DA:63,1
DA:64,1
DA:65,1
DA:68,2
DA:69,2
DA:70,2
DA:71,2
DA:72,2
DA:73,2
DA:74,2
DA:75,2
DA:76,2
DA:77,2
DA:78,2
DA:79,2
DA:80,2
DA:81,2
DA:82,2
DA:86,2
DA:87,2
DA:88,2
DA:89,2
DA:90,2
DA:91,2
DA:92,2
DA:93,2
DA:94,2
DA:95,2
DA:96,2
DA:97,2
DA:98,2
DA:99,2
DA:100,2
LF:59
LH:59
end_of_record
SF:lib\data\models\tv_series_response.dart
DA:8,3
DA:10,2
DA:11,2
DA:12,4
DA:13,6
DA:14,6
DA:17,2
DA:18,5
DA:21,1
DA:22,2
LF:10
LH:10
end_of_record
SF:lib\data\models\season_model.dart
DA:5,2
DA:23,2
DA:24,1
DA:25,1
DA:26,1
DA:27,1
DA:28,1
DA:29,1
DA:30,1
DA:33,0
DA:34,0
DA:35,0
DA:36,0
DA:37,0
DA:38,0
DA:39,0
DA:40,0
DA:43,1
DA:44,1
DA:45,1
DA:46,1
DA:47,1
DA:48,1
DA:49,1
DA:50,1
DA:51,1
DA:55,0
DA:56,0
DA:57,0
DA:58,0
DA:59,0
DA:60,0
DA:61,0
DA:62,0
DA:63,0
LF:35
LH:18
end_of_record
SF:lib\domain\usecases\get_on_the_air_tv_series.dart
DA:10,1
DA:12,1
DA:13,2
LF:3
LH:3
end_of_record
SF:lib\data\repositories\tv_series_repository_impl.dart
DA:20,1
DA:27,1
DA:28,3
DA:30,3
DA:31,2
DA:32,4
DA:33,5
DA:34,1
DA:35,2
DA:39,3
DA:40,5
DA:41,1
DA:42,3
DA:48,1
DA:50,3
DA:51,2
DA:52,1
DA:53,2
DA:54,1
DA:55,2
DA:60,1
DA:63,3
DA:64,3
DA:65,1
DA:66,2
DA:67,1
DA:68,2
DA:73,1
DA:74,3
DA:76,3
DA:77,5
DA:78,1
DA:79,2
DA:83,3
DA:84,5
DA:85,1
DA:86,3
DA:92,1
DA:93,3
DA:95,3
DA:96,5
DA:97,1
DA:98,2
DA:102,3
DA:103,5
DA:104,1
DA:105,3
DA:111,1
DA:113,3
DA:114,5
DA:115,1
DA:116,2
DA:117,1
DA:118,2
DA:123,1
DA:125,2
DA:126,2
DA:127,1
DA:128,1
DA:129,3
DA:136,1
DA:139,2
DA:140,2
DA:141,1
DA:142,1
DA:143,3
DA:148,1
DA:149,3
DA:154,1
DA:155,3
DA:156,5
LF:71
LH:71
end_of_record
SF:lib\domain\usecases\get_popular_tv_series.dart
DA:10,1
DA:12,1
DA:13,2
LF:3
LH:3
end_of_record
SF:lib\domain\usecases\get_top_rated_tv_series.dart
DA:10,1
DA:12,1
DA:13,2
LF:3
LH:3
end_of_record
SF:lib\domain\usecases\get_tv_series_detail.dart
DA:10,1
DA:12,1
DA:13,2
LF:3
LH:3
end_of_record
SF:lib\domain\usecases\get_tv_series_recommendations.dart
DA:10,1
DA:12,1
DA:13,2
LF:3
LH:3
end_of_record
SF:lib\domain\usecases\get_watchlist_tv_series_status.dart
DA:6,1
DA:8,1
DA:9,2
LF:3
LH:3
end_of_record
SF:lib\domain\usecases\remove_watchlist_tv_series.dart
DA:10,1
DA:12,1
DA:13,2
LF:3
LH:3
end_of_record
SF:lib\domain\usecases\get_watchlist_tv_series.dart
DA:10,1
DA:12,1
DA:13,2
LF:3
LH:3
end_of_record
SF:lib\domain\usecases\save_watchlist_tv_series.dart
DA:10,1
DA:12,1
DA:13,2
LF:3
LH:3
end_of_record
SF:lib\presentation\bloc\on_the_air_tv_series\on_the_air_tv_series_state.dart
DA:4,2
DA:8,0
DA:9,0
DA:13,1
DA:14,1
DA:20,1
DA:22,1
DA:23,2
DA:29,2
DA:31,1
DA:32,2
LF:11
LH:9
end_of_record
SF:lib\presentation\bloc\on_the_air_tv_series\on_the_air_tv_series_event.dart
DA:4,1
DA:8,0
DA:9,0
LF:3
LH:1
end_of_record
SF:lib\presentation\bloc\on_the_air_tv_series\on_the_air_tv_series_bloc.dart
DA:13,1
DA:14,2
DA:15,2
DA:16,2
DA:17,3
DA:19,1
DA:20,4
DA:21,3
LF:8
LH:8
end_of_record
SF:lib\presentation\bloc\popular_tv_series\popular_tv_series_state.dart
DA:4,2
DA:8,0
DA:9,0
DA:13,1
DA:14,1
DA:20,1
DA:22,1
DA:23,2
DA:29,2
DA:31,1
DA:32,2
LF:11
LH:9
end_of_record
SF:lib\presentation\bloc\popular_tv_series\popular_tv_series_bloc.dart
DA:14,1
DA:15,2
DA:16,2
DA:17,2
DA:18,3
DA:20,1
DA:21,4
DA:22,3
LF:8
LH:8
end_of_record
SF:lib\presentation\bloc\popular_tv_series\popular_tv_series_event.dart
DA:4,1
DA:8,0
DA:9,0
LF:3
LH:1
end_of_record
SF:lib\presentation\bloc\top_rated_tv_series\top_rated_tv_series_event.dart
DA:4,1
DA:8,0
DA:9,0
LF:3
LH:1
end_of_record
SF:lib\presentation\bloc\top_rated_tv_series\top_rated_tv_series_state.dart
DA:4,2
DA:8,0
DA:9,0
DA:13,1
DA:14,1
DA:20,1
DA:22,1
DA:23,2
DA:29,2
DA:31,1
DA:32,2
LF:11
LH:9
end_of_record
SF:lib\presentation\bloc\top_rated_tv_series\top_rated_tv_series_bloc.dart
DA:14,1
DA:15,2
DA:16,2
DA:17,2
DA:18,3
DA:20,1
DA:21,4
DA:22,3
LF:8
LH:8
end_of_record
SF:lib\presentation\bloc\tv_series_detail\tv_series_detail_state.dart
DA:4,2
DA:8,0
DA:9,0
DA:13,1
DA:14,1
DA:18,0
DA:19,0
DA:25,2
DA:27,1
DA:28,2
DA:34,0
DA:36,0
DA:37,0
DA:43,2
DA:45,1
DA:46,2
DA:52,1
DA:54,0
DA:55,0
DA:63,1
DA:69,1
DA:70,4
LF:22
LH:13
end_of_record
SF:lib\presentation\bloc\tv_series_detail\tv_series_detail_bloc.dart
DA:25,1
DA:31,2
DA:32,2
DA:33,2
DA:34,4
DA:36,4
DA:37,1
DA:38,1
DA:39,3
DA:41,1
DA:42,1
DA:43,0
DA:44,0
DA:46,1
DA:47,2
DA:48,1
DA:54,2
DA:55,4
DA:57,2
DA:58,1
DA:59,3
DA:61,1
DA:63,5
DA:64,1
DA:65,2
DA:69,2
DA:70,4
DA:72,2
DA:73,0
DA:74,0
DA:76,1
DA:78,5
DA:79,1
DA:80,2
DA:84,2
DA:85,4
DA:86,1
LF:37
LH:33
end_of_record
SF:lib\presentation\bloc\tv_series_detail\tv_series_detail_event.dart
DA:4,2
DA:10,1
DA:12,0
DA:13,0
DA:19,1
DA:21,0
DA:23,0
DA:29,1
DA:31,0
DA:33,0
DA:38,1
DA:40,0
DA:42,0
LF:13
LH:5
end_of_record
SF:lib\presentation\bloc\tv_series_list\tv_series_list_state.dart
DA:4,2
DA:8,0
DA:9,0
DA:15,2
DA:17,1
DA:18,2
DA:22,1
DA:23,1
DA:31,1
DA:33,1
DA:34,4
LF:11
LH:9
end_of_record
SF:lib\presentation\bloc\tv_series_list\tv_series_list_event.dart
DA:4,1
DA:8,0
DA:9,0
LF:3
LH:1
end_of_record
SF:lib\presentation\bloc\tv_series_list\tv_series_list_bloc.dart
DA:17,1
DA:21,2
DA:22,2
DA:23,2
DA:24,3
DA:25,3
DA:26,3
DA:28,1
DA:29,4
DA:30,2
DA:31,0
DA:32,2
DA:33,0
DA:34,3
LF:14
LH:12
end_of_record
SF:lib\presentation\bloc\watchlist_tv_series\watchlist_tv_series_state.dart
DA:4,2
DA:8,0
DA:9,0
DA:13,1
DA:14,1
DA:20,1
DA:22,1
DA:23,2
DA:29,2
DA:31,1
DA:32,2
LF:11
LH:9
end_of_record
SF:lib\presentation\bloc\watchlist_tv_series\watchlist_tv_series_event.dart
DA:4,1
DA:8,0
DA:9,0
LF:3
LH:1
end_of_record
SF:lib\presentation\bloc\watchlist_tv_series\watchlist_tv_series_bloc.dart
DA:14,1
DA:15,2
DA:16,2
DA:17,2
DA:18,3
DA:20,1
DA:21,4
DA:22,2
DA:23,1
LF:9
LH:9
end_of_record
